[  2341.998] (WW) Failed to open protocol names file lib/xorg/protocol.txt
[  2341.998] 
X.Org X Server 1.20.10
X Protocol Version 11, Revision 0
[  2341.998] Build Operating System: Linux Arch Linux
[  2341.998] Current Operating System: Linux x230 5.10.10-arch1-1 #1 SMP PREEMPT Sat, 23 Jan 2021 23:59:48 +0000 x86_64
[  2341.998] Kernel command line: initrd=\initramfs-linux.img rw cryptdevice=UUID=36533099-e74a-4ceb-9f4e-aaffa9d61d46:cryptroot root=/dev/mapper/cryptroot
[  2341.998] Build Date: 14 December 2020  12:10:29PM
[  2341.998]  
[  2341.998] Current version of pixman: 0.40.0
[  2341.999] 	Before reporting problems, check http://wiki.x.org
	to make sure that you have the latest version.
[  2341.999] Markers: (--) probed, (**) from config file, (==) default setting,
	(++) from command line, (!!) notice, (II) informational,
	(WW) warning, (EE) error, (NI) not implemented, (??) unknown.
[  2341.999] (==) Log file: "/home/scyron/.local/share/xorg/Xorg.0.log", Time: Sun Jan 26 20:20:37 2020
[  2341.999] (==) Using config directory: "/etc/X11/xorg.conf.d"
[  2341.999] (==) Using system config directory "/usr/share/X11/xorg.conf.d"
[  2341.999] (==) No Layout section.  Using the first Screen section.
[  2341.999] (==) No screen section available. Using defaults.
[  2341.999] (**) |-->Screen "Default Screen Section" (0)
[  2341.999] (**) |   |-->Monitor "<default monitor>"
[  2341.999] (==) No monitor specified for screen "Default Screen Section".
	Using a default monitor configuration.
[  2341.999] (==) Automatically adding devices
[  2341.999] (==) Automatically enabling devices
[  2341.999] (==) Automatically adding GPU devices
[  2341.999] (==) Automatically binding GPU devices
[  2341.999] (==) Max clients allowed: 256, resource mask: 0x1fffff
[  2342.000] (WW) The directory "/usr/share/fonts/TTF" does not exist.
[  2342.000] 	Entry deleted from font path.
[  2342.000] (WW) The directory "/usr/share/fonts/OTF" does not exist.
[  2342.000] 	Entry deleted from font path.
[  2342.000] (WW) The directory "/usr/share/fonts/Type1" does not exist.
[  2342.000] 	Entry deleted from font path.
[  2342.000] (WW) The directory "/usr/share/fonts/100dpi" does not exist.
[  2342.000] 	Entry deleted from font path.
[  2342.000] (WW) The directory "/usr/share/fonts/75dpi" does not exist.
[  2342.000] 	Entry deleted from font path.
[  2342.000] (==) FontPath set to:
	/usr/share/fonts/misc
[  2342.000] (==) ModulePath set to "/usr/lib/xorg/modules"
[  2342.000] (II) The server relies on udev to provide the list of input devices.
	If no devices become available, reconfigure udev or disable AutoAddDevices.
[  2342.000] (II) Module ABI versions:
[  2342.000] 	X.Org ANSI C Emulation: 0.4
[  2342.000] 	X.Org Video Driver: 24.1
[  2342.000] 	X.Org XInput driver : 24.1
[  2342.000] 	X.Org Server Extension : 10.0
[  2342.001] (++) using VT number 1

[  2342.003] (II) systemd-logind: took control of session /org/freedesktop/login1/session/_311
[  2342.005] (II) xfree86: Adding drm device (/dev/dri/card0)
[  2342.005] (II) systemd-logind: got fd for /dev/dri/card0 226:0 fd 10 paused 0
[  2342.008] (--) PCI:*(0@0:2:0) 8086:0166:17aa:21fa rev 9, Mem @ 0xf0000000/4194304, 0xe0000000/268435456, I/O @ 0x00005000/64, BIOS @ 0x????????/131072
[  2342.008] (WW) Open ACPI failed (/var/run/acpid.socket) (No such file or directory)
[  2342.008] (II) LoadModule: "glx"
[  2342.008] (II) Loading /usr/lib/xorg/modules/extensions/libglx.so
[  2342.009] (II) Module glx: vendor="X.Org Foundation"
[  2342.009] 	compiled for 1.20.10, module version = 1.0.0
[  2342.009] 	ABI class: X.Org Server Extension, version 10.0
[  2342.009] (==) Matched intel as autoconfigured driver 0
[  2342.009] (==) Matched modesetting as autoconfigured driver 1
[  2342.009] (==) Matched fbdev as autoconfigured driver 2
[  2342.009] (==) Matched vesa as autoconfigured driver 3
[  2342.009] (==) Assigned the driver to the xf86ConfigLayout
[  2342.009] (II) LoadModule: "intel"
[  2342.009] (WW) Warning, couldn't open module intel
[  2342.009] (EE) Failed to load module "intel" (module does not exist, 0)
[  2342.009] (II) LoadModule: "modesetting"
[  2342.009] (II) Loading /usr/lib/xorg/modules/drivers/modesetting_drv.so
[  2342.010] (II) Module modesetting: vendor="X.Org Foundation"
[  2342.010] 	compiled for 1.20.10, module version = 1.20.10
[  2342.010] 	Module class: X.Org Video Driver
[  2342.010] 	ABI class: X.Org Video Driver, version 24.1
[  2342.010] (II) LoadModule: "fbdev"
[  2342.010] (WW) Warning, couldn't open module fbdev
[  2342.010] (EE) Failed to load module "fbdev" (module does not exist, 0)
[  2342.010] (II) LoadModule: "vesa"
[  2342.010] (WW) Warning, couldn't open module vesa
[  2342.010] (EE) Failed to load module "vesa" (module does not exist, 0)
[  2342.010] (II) modesetting: Driver for Modesetting Kernel Drivers: kms
[  2342.010] (II) modeset(0): using drv /dev/dri/card0
[  2342.010] (WW) VGA arbiter: cannot open kernel arbiter, no multi-card support
[  2342.010] (II) modeset(0): Creating default Display subsection in Screen section
	"Default Screen Section" for depth/fbbpp 24/32
[  2342.010] (==) modeset(0): Depth 24, (==) framebuffer bpp 32
[  2342.010] (==) modeset(0): RGB weight 888
[  2342.010] (==) modeset(0): Default visual is TrueColor
[  2342.010] (II) Loading sub module "glamoregl"
[  2342.010] (II) LoadModule: "glamoregl"
[  2342.010] (II) Loading /usr/lib/xorg/modules/libglamoregl.so
[  2342.013] (II) Module glamoregl: vendor="X.Org Foundation"
[  2342.013] 	compiled for 1.20.10, module version = 1.0.1
[  2342.013] 	ABI class: X.Org ANSI C Emulation, version 0.4
[  2342.027] (II) modeset(0): glamor X acceleration enabled on Mesa DRI Intel(R) HD Graphics 4000 (IVB GT2)
[  2342.027] (II) modeset(0): glamor initialized
[  2342.027] (II) modeset(0): Output LVDS-1 has no monitor section
[  2342.029] (II) modeset(0): Output VGA-1 has no monitor section
[  2342.207] (II) modeset(0): Output HDMI-1 has no monitor section
[  2342.207] (II) modeset(0): Output DP-1 has no monitor section
[  2342.209] (II) modeset(0): Output HDMI-2 has no monitor section
[  2342.210] (II) modeset(0): Output HDMI-3 has no monitor section
[  2342.210] (II) modeset(0): Output DP-2 has no monitor section
[  2342.210] (II) modeset(0): Output DP-3 has no monitor section
[  2342.211] (II) modeset(0): EDID for output LVDS-1
[  2342.211] (II) modeset(0): Manufacturer: SEC  Model: 3047  Serial#: 0
[  2342.211] (II) modeset(0): Year: 2010  Week: 0
[  2342.211] (II) modeset(0): EDID Version: 1.3
[  2342.211] (II) modeset(0): Digital Display Input
[  2342.211] (II) modeset(0): Max Image Size [cm]: horiz.: 28  vert.: 16
[  2342.211] (II) modeset(0): Gamma: 2.20
[  2342.211] (II) modeset(0): DPMS capabilities: StandBy Suspend Off
[  2342.211] (II) modeset(0): Supported color encodings: RGB 4:4:4 YCrCb 4:4:4 
[  2342.211] (II) modeset(0): First detailed timing is preferred mode
[  2342.211] (II) modeset(0): redX: 0.566 redY: 0.337   greenX: 0.351 greenY: 0.560
[  2342.211] (II) modeset(0): blueX: 0.150 blueY: 0.094   whiteX: 0.313 whiteY: 0.329
[  2342.211] (II) modeset(0): Manufacturer's mask: 0
[  2342.211] (II) modeset(0): Supported detailed timing:
[  2342.211] (II) modeset(0): clock: 74.8 MHz   Image Size:  277 x 156 mm
[  2342.211] (II) modeset(0): h_active: 1366  h_sync: 1414  h_sync_end 1446 h_blank_end 1578 h_border: 0
[  2342.211] (II) modeset(0): v_active: 768  v_sync: 770  v_sync_end 775 v_blanking: 790 v_border: 0
[  2342.211] (II) modeset(0): Unknown vendor-specific block f
[  2342.211] (II) modeset(0):  SAMSUNG
[  2342.211] (II) modeset(0):  LTN125AT01401
[  2342.211] (II) modeset(0): EDID (in hex):
[  2342.211] (II) modeset(0): 	00ffffffffffff004ca3473000000000
[  2342.211] (II) modeset(0): 	00140103801c1078ea1d859156598f26
[  2342.211] (II) modeset(0): 	18505400000001010101010101010101
[  2342.211] (II) modeset(0): 	010101010101381d56d4500016303020
[  2342.211] (II) modeset(0): 	2500159c100000190000000f00000000
[  2342.211] (II) modeset(0): 	000000000025d9066a00000000fe0053
[  2342.211] (II) modeset(0): 	414d53554e470a204ca34154000000fe
[  2342.211] (II) modeset(0): 	004c544e31323541543031343031005d
[  2342.211] (II) modeset(0): Printing probed modes for output LVDS-1
[  2342.211] (II) modeset(0): Modeline "1366x768"x60.0   74.80  1366 1414 1446 1578  768 770 775 790 -hsync -vsync (47.4 kHz eP)
[  2342.211] (II) modeset(0): Modeline "1280x720"x120.0  156.12  1280 1376 1512 1744  720 721 724 746 doublescan -hsync +vsync (89.5 kHz d)
[  2342.211] (II) modeset(0): Modeline "1280x720"x120.0  120.75  1280 1304 1320 1360  720 721 724 740 doublescan +hsync -vsync (88.8 kHz d)
[  2342.211] (II) modeset(0): Modeline "1280x720"x59.9   74.50  1280 1344 1472 1664  720 723 728 748 -hsync +vsync (44.8 kHz d)
[  2342.211] (II) modeset(0): Modeline "1280x720"x59.7   63.75  1280 1328 1360 1440  720 723 728 741 +hsync -vsync (44.3 kHz d)
[  2342.211] (II) modeset(0): Modeline "1024x768"x120.1  133.47  1024 1100 1212 1400  768 768 770 794 doublescan -hsync +vsync (95.3 kHz d)
[  2342.211] (II) modeset(0): Modeline "1024x768"x60.0   65.00  1024 1048 1184 1344  768 771 777 806 -hsync -vsync (48.4 kHz d)
[  2342.211] (II) modeset(0): Modeline "960x720"x120.0  117.00  960 1024 1128 1300  720 720 722 750 doublescan -hsync +vsync (90.0 kHz d)
[  2342.211] (II) modeset(0): Modeline "928x696"x120.1  109.15  928 976 1088 1264  696 696 698 719 doublescan -hsync +vsync (86.4 kHz d)
[  2342.211] (II) modeset(0): Modeline "896x672"x120.0  102.40  896 960 1060 1224  672 672 674 697 doublescan -hsync +vsync (83.7 kHz d)
[  2342.211] (II) modeset(0): Modeline "1024x576"x119.9   98.50  1024 1092 1200 1376  576 577 580 597 doublescan -hsync +vsync (71.6 kHz d)
[  2342.211] (II) modeset(0): Modeline "1024x576"x119.9   78.38  1024 1048 1064 1104  576 577 580 592 doublescan +hsync -vsync (71.0 kHz d)
[  2342.211] (II) modeset(0): Modeline "1024x576"x59.9   46.50  1024 1064 1160 1296  576 579 584 599 -hsync +vsync (35.9 kHz d)
[  2342.211] (II) modeset(0): Modeline "1024x576"x59.8   42.00  1024 1072 1104 1184  576 579 584 593 +hsync -vsync (35.5 kHz d)
[  2342.211] (II) modeset(0): Modeline "960x600"x119.9   96.62  960 1028 1128 1296  600 601 604 622 doublescan -hsync +vsync (74.6 kHz d)
[  2342.211] (II) modeset(0): Modeline "960x600"x120.0   77.00  960 984 1000 1040  600 601 604 617 doublescan +hsync -vsync (74.0 kHz d)
[  2342.211] (II) modeset(0): Modeline "960x540"x119.9   86.50  960 1024 1124 1288  540 541 544 560 doublescan -hsync +vsync (67.2 kHz d)
[  2342.211] (II) modeset(0): Modeline "960x540"x120.0   69.25  960 984 1000 1040  540 541 544 555 doublescan +hsync -vsync (66.6 kHz d)
[  2342.211] (II) modeset(0): Modeline "960x540"x59.6   40.75  960 992 1088 1216  540 543 548 562 -hsync +vsync (33.5 kHz d)
[  2342.211] (II) modeset(0): Modeline "960x540"x59.8   37.25  960 1008 1040 1120  540 543 548 556 +hsync -vsync (33.3 kHz d)
[  2342.211] (II) modeset(0): Modeline "800x600"x120.0   81.00  800 832 928 1080  600 600 602 625 doublescan +hsync +vsync (75.0 kHz d)
[  2342.211] (II) modeset(0): Modeline "800x600"x60.3   40.00  800 840 968 1056  600 601 605 628 +hsync +vsync (37.9 kHz d)
[  2342.211] (II) modeset(0): Modeline "800x600"x56.2   36.00  800 824 896 1024  600 601 603 625 +hsync +vsync (35.2 kHz d)
[  2342.211] (II) modeset(0): Modeline "840x525"x120.0   73.12  840 892 980 1120  525 526 529 544 doublescan -hsync +vsync (65.3 kHz d)
[  2342.211] (II) modeset(0): Modeline "840x525"x119.8   59.50  840 864 880 920  525 526 529 540 doublescan +hsync -vsync (64.7 kHz d)
[  2342.211] (II) modeset(0): Modeline "864x486"x59.9   32.50  864 888 968 1072  486 489 494 506 -hsync +vsync (30.3 kHz d)
[  2342.211] (II) modeset(0): Modeline "864x486"x59.6   30.50  864 912 944 1024  486 489 494 500 +hsync -vsync (29.8 kHz d)
[  2342.211] (II) modeset(0): Modeline "700x525"x120.0   61.00  700 744 820 940  525 526 532 541 doublescan +hsync +vsync (64.9 kHz d)
[  2342.211] (II) modeset(0): Modeline "800x450"x119.9   59.12  800 848 928 1056  450 451 454 467 doublescan -hsync +vsync (56.0 kHz d)
[  2342.211] (II) modeset(0): Modeline "800x450"x119.6   48.75  800 824 840 880  450 451 454 463 doublescan +hsync -vsync (55.4 kHz d)
[  2342.211] (II) modeset(0): Modeline "640x512"x120.0   54.00  640 664 720 844  512 512 514 533 doublescan +hsync +vsync (64.0 kHz d)
[  2342.211] (II) modeset(0): Modeline "700x450"x119.9   51.75  700 740 812 924  450 451 456 467 doublescan -hsync +vsync (56.0 kHz d)
[  2342.211] (II) modeset(0): Modeline "700x450"x119.8   43.25  700 724 740 780  450 451 456 463 doublescan +hsync -vsync (55.4 kHz d)
[  2342.211] (II) modeset(0): Modeline "640x480"x120.0   54.00  640 688 744 900  480 480 482 500 doublescan +hsync +vsync (60.0 kHz d)
[  2342.211] (II) modeset(0): Modeline "640x480"x59.9   25.18  640 656 752 800  480 490 492 525 -hsync -vsync (31.5 kHz d)
[  2342.211] (II) modeset(0): Modeline "720x405"x59.5   22.50  720 744 808 896  405 408 413 422 -hsync +vsync (25.1 kHz d)
[  2342.211] (II) modeset(0): Modeline "720x405"x59.0   21.75  720 768 800 880  405 408 413 419 +hsync -vsync (24.7 kHz d)
[  2342.211] (II) modeset(0): Modeline "684x384"x119.8   42.62  684 720 788 892  384 385 390 399 doublescan -hsync +vsync (47.8 kHz d)
[  2342.211] (II) modeset(0): Modeline "684x384"x119.7   36.12  684 708 724 764  384 385 390 395 doublescan +hsync -vsync (47.3 kHz d)
[  2342.211] (II) modeset(0): Modeline "640x400"x119.8   41.75  640 676 740 840  400 401 404 415 doublescan -hsync +vsync (49.7 kHz d)
[  2342.211] (II) modeset(0): Modeline "640x400"x120.0   35.50  640 664 680 720  400 401 404 411 doublescan +hsync -vsync (49.3 kHz d)
[  2342.211] (II) modeset(0): Modeline "640x360"x119.7   37.25  640 672 736 832  360 361 364 374 doublescan -hsync +vsync (44.8 kHz d)
[  2342.211] (II) modeset(0): Modeline "640x360"x119.7   31.88  640 664 680 720  360 361 364 370 doublescan +hsync -vsync (44.3 kHz d)
[  2342.211] (II) modeset(0): Modeline "640x360"x59.8   18.00  640 664 720 800  360 363 368 376 -hsync +vsync (22.5 kHz d)
[  2342.211] (II) modeset(0): Modeline "640x360"x59.3   17.75  640 688 720 800  360 363 368 374 +hsync -vsync (22.2 kHz d)
[  2342.211] (II) modeset(0): Modeline "512x384"x120.0   32.50  512 524 592 672  384 385 388 403 doublescan -hsync -vsync (48.4 kHz d)
[  2342.211] (II) modeset(0): Modeline "512x288"x120.0   23.25  512 532 580 648  288 289 292 299 doublescan -hsync +vsync (35.9 kHz d)
[  2342.211] (II) modeset(0): Modeline "512x288"x119.8   21.00  512 536 552 592  288 289 292 296 doublescan +hsync -vsync (35.5 kHz d)
[  2342.211] (II) modeset(0): Modeline "480x270"x119.3   20.38  480 496 544 608  270 271 274 281 doublescan -hsync +vsync (33.5 kHz d)
[  2342.211] (II) modeset(0): Modeline "480x270"x119.6   18.62  480 504 520 560  270 271 274 278 doublescan +hsync -vsync (33.3 kHz d)
[  2342.211] (II) modeset(0): Modeline "400x300"x120.6   20.00  400 420 484 528  300 300 302 314 doublescan +hsync +vsync (37.9 kHz d)
[  2342.211] (II) modeset(0): Modeline "400x300"x112.7   18.00  400 412 448 512  300 300 301 312 doublescan +hsync +vsync (35.2 kHz d)
[  2342.211] (II) modeset(0): Modeline "432x243"x119.8   16.25  432 444 484 536  243 244 247 253 doublescan -hsync +vsync (30.3 kHz d)
[  2342.211] (II) modeset(0): Modeline "432x243"x119.1   15.25  432 456 472 512  243 244 247 250 doublescan +hsync -vsync (29.8 kHz d)
[  2342.211] (II) modeset(0): Modeline "320x240"x120.1   12.59  320 328 376 400  240 245 246 262 doublescan -hsync -vsync (31.5 kHz d)
[  2342.211] (II) modeset(0): Modeline "360x202"x119.0   11.25  360 372 404 448  202 204 206 211 doublescan -hsync +vsync (25.1 kHz d)
[  2342.211] (II) modeset(0): Modeline "360x202"x118.3   10.88  360 384 400 440  202 204 206 209 doublescan +hsync -vsync (24.7 kHz d)
[  2342.211] (II) modeset(0): Modeline "320x180"x119.7    9.00  320 332 360 400  180 181 184 188 doublescan -hsync +vsync (22.5 kHz d)
[  2342.211] (II) modeset(0): Modeline "320x180"x118.6    8.88  320 344 360 400  180 181 184 187 doublescan +hsync -vsync (22.2 kHz d)
[  2342.213] (II) modeset(0): EDID for output VGA-1
[  2342.394] (II) modeset(0): EDID for output HDMI-1
[  2342.394] (II) modeset(0): EDID for output DP-1
[  2342.395] (II) modeset(0): EDID for output HDMI-2
[  2342.397] (II) modeset(0): EDID for output HDMI-3
[  2342.397] (II) modeset(0): EDID for output DP-2
[  2342.397] (II) modeset(0): EDID for output DP-3
[  2342.397] (II) modeset(0): Output LVDS-1 connected
[  2342.397] (II) modeset(0): Output VGA-1 disconnected
[  2342.397] (II) modeset(0): Output HDMI-1 disconnected
[  2342.397] (II) modeset(0): Output DP-1 disconnected
[  2342.397] (II) modeset(0): Output HDMI-2 disconnected
[  2342.397] (II) modeset(0): Output HDMI-3 disconnected
[  2342.397] (II) modeset(0): Output DP-2 disconnected
[  2342.397] (II) modeset(0): Output DP-3 disconnected
[  2342.397] (II) modeset(0): Using exact sizes for initial modes
[  2342.397] (II) modeset(0): Output LVDS-1 using initial mode 1366x768 +0+0
[  2342.397] (==) modeset(0): Using gamma correction (1.0, 1.0, 1.0)
[  2342.397] (==) modeset(0): DPI set to (96, 96)
[  2342.397] (II) Loading sub module "fb"
[  2342.397] (II) LoadModule: "fb"
[  2342.397] (II) Loading /usr/lib/xorg/modules/libfb.so
[  2342.397] (II) Module fb: vendor="X.Org Foundation"
[  2342.397] 	compiled for 1.20.10, module version = 1.0.0
[  2342.397] 	ABI class: X.Org ANSI C Emulation, version 0.4
[  2342.404] (==) modeset(0): Backing store enabled
[  2342.404] (==) modeset(0): Silken mouse disabled
[  2342.427] (II) modeset(0): Initializing kms color map for depth 24, 8 bpc.
[  2342.427] (==) modeset(0): DPMS enabled
[  2342.427] (II) modeset(0): [DRI2] Setup complete
[  2342.427] (II) modeset(0): [DRI2]   DRI driver: i965
[  2342.427] (II) modeset(0): [DRI2]   VDPAU driver: va_gl
[  2342.427] (II) Initializing extension Generic Event Extension
[  2342.427] (II) Initializing extension SHAPE
[  2342.427] (II) Initializing extension MIT-SHM
[  2342.427] (II) Initializing extension XInputExtension
[  2342.427] (II) Initializing extension XTEST
[  2342.427] (II) Initializing extension BIG-REQUESTS
[  2342.427] (II) Initializing extension SYNC
[  2342.427] (II) Initializing extension XKEYBOARD
[  2342.427] (II) Initializing extension XC-MISC
[  2342.427] (II) Initializing extension SECURITY
[  2342.427] (II) Initializing extension XFIXES
[  2342.427] (II) Initializing extension RENDER
[  2342.427] (II) Initializing extension RANDR
[  2342.427] (II) Initializing extension COMPOSITE
[  2342.427] (II) Initializing extension DAMAGE
[  2342.427] (II) Initializing extension MIT-SCREEN-SAVER
[  2342.427] (II) Initializing extension DOUBLE-BUFFER
[  2342.427] (II) Initializing extension RECORD
[  2342.427] (II) Initializing extension DPMS
[  2342.427] (II) Initializing extension Present
[  2342.427] (II) Initializing extension DRI3
[  2342.427] (II) Initializing extension X-Resource
[  2342.427] (II) Initializing extension XVideo
[  2342.427] (II) Initializing extension XVideo-MotionCompensation
[  2342.427] (II) Initializing extension GLX
[  2342.433] (II) AIGLX: Loaded and initialized i965
[  2342.433] (II) GLX: Initialized DRI2 GL provider for screen 0
[  2342.433] (II) Initializing extension XFree86-VidModeExtension
[  2342.433] (II) Initializing extension XFree86-DGA
[  2342.433] (II) Initializing extension XFree86-DRI
[  2342.433] (II) Initializing extension DRI2
[  2342.435] (II) modeset(0): Damage tracking initialized
[  2342.435] (II) modeset(0): Setting screen physical size to 361 x 203
[  2342.469] (II) config/udev: Adding input device Power Button (/dev/input/event2)
[  2342.469] (**) Power Button: Applying InputClass "libinput keyboard catchall"
[  2342.469] (II) LoadModule: "libinput"
[  2342.469] (II) Loading /usr/lib/xorg/modules/input/libinput_drv.so
[  2342.471] (II) Module libinput: vendor="X.Org Foundation"
[  2342.471] 	compiled for 1.20.8, module version = 0.30.0
[  2342.471] 	Module class: X.Org XInput Driver
[  2342.471] 	ABI class: X.Org XInput driver, version 24.1
[  2342.471] (II) Using input driver 'libinput' for 'Power Button'
[  2342.472] (II) systemd-logind: got fd for /dev/input/event2 13:66 fd 15 paused 0
[  2342.472] (**) Power Button: always reports core events
[  2342.472] (**) Option "Device" "/dev/input/event2"
[  2342.472] (**) Option "_source" "server/udev"
[  2342.473] (II) event2  - Power Button: is tagged by udev as: Keyboard
[  2342.473] (II) event2  - Power Button: device is a keyboard
[  2342.473] (II) event2  - Power Button: device removed
[  2342.473] (**) Option "config_info" "udev:/sys/devices/LNXSYSTM:00/LNXPWRBN:00/input/input2/event2"
[  2342.473] (II) XINPUT: Adding extended input device "Power Button" (type: KEYBOARD, id 6)
[  2342.474] (II) event2  - Power Button: is tagged by udev as: Keyboard
[  2342.474] (II) event2  - Power Button: device is a keyboard
[  2342.475] (II) config/udev: Adding input device Video Bus (/dev/input/event8)
[  2342.475] (**) Video Bus: Applying InputClass "libinput keyboard catchall"
[  2342.475] (II) Using input driver 'libinput' for 'Video Bus'
[  2342.476] (II) systemd-logind: got fd for /dev/input/event8 13:72 fd 18 paused 0
[  2342.476] (**) Video Bus: always reports core events
[  2342.476] (**) Option "Device" "/dev/input/event8"
[  2342.476] (**) Option "_source" "server/udev"
[  2342.477] (II) event8  - Video Bus: is tagged by udev as: Keyboard
[  2342.477] (II) event8  - Video Bus: device is a keyboard
[  2342.478] (II) event8  - Video Bus: device removed
[  2342.478] (**) Option "config_info" "udev:/sys/devices/LNXSYSTM:00/LNXSYBUS:00/PNP0A08:00/LNXVIDEO:00/input/input9/event8"
[  2342.478] (II) XINPUT: Adding extended input device "Video Bus" (type: KEYBOARD, id 7)
[  2342.479] (II) event8  - Video Bus: is tagged by udev as: Keyboard
[  2342.479] (II) event8  - Video Bus: device is a keyboard
[  2342.480] (II) config/udev: Adding input device Lid Switch (/dev/input/event0)
[  2342.480] (II) No input driver specified, ignoring this device.
[  2342.480] (II) This device may have been added with another device file.
[  2342.480] (II) config/udev: Adding input device Sleep Button (/dev/input/event1)
[  2342.480] (**) Sleep Button: Applying InputClass "libinput keyboard catchall"
[  2342.480] (II) Using input driver 'libinput' for 'Sleep Button'
[  2342.481] (II) systemd-logind: got fd for /dev/input/event1 13:65 fd 19 paused 0
[  2342.481] (**) Sleep Button: always reports core events
[  2342.481] (**) Option "Device" "/dev/input/event1"
[  2342.481] (**) Option "_source" "server/udev"
[  2342.482] (II) event1  - Sleep Button: is tagged by udev as: Keyboard
[  2342.482] (II) event1  - Sleep Button: device is a keyboard
[  2342.482] (II) event1  - Sleep Button: device removed
[  2342.482] (**) Option "config_info" "udev:/sys/devices/LNXSYSTM:00/LNXSYBUS:00/PNP0C0E:00/input/input1/event1"
[  2342.482] (II) XINPUT: Adding extended input device "Sleep Button" (type: KEYBOARD, id 8)
[  2342.483] (II) event1  - Sleep Button: is tagged by udev as: Keyboard
[  2342.483] (II) event1  - Sleep Button: device is a keyboard
[  2342.484] (II) config/udev: Adding input device Integrated Camera: Integrated C (/dev/input/event7)
[  2342.484] (**) Integrated Camera: Integrated C: Applying InputClass "libinput keyboard catchall"
[  2342.484] (II) Using input driver 'libinput' for 'Integrated Camera: Integrated C'
[  2342.485] (II) systemd-logind: got fd for /dev/input/event7 13:71 fd 20 paused 0
[  2342.485] (**) Integrated Camera: Integrated C: always reports core events
[  2342.485] (**) Option "Device" "/dev/input/event7"
[  2342.485] (**) Option "_source" "server/udev"
[  2342.486] (II) event7  - Integrated Camera: Integrated C: is tagged by udev as: Keyboard
[  2342.486] (II) event7  - Integrated Camera: Integrated C: device is a keyboard
[  2342.487] (II) event7  - Integrated Camera: Integrated C: device removed
[  2342.487] (**) Option "config_info" "udev:/sys/devices/pci0000:00/0000:00:1a.0/usb1/1-1/1-1.6/1-1.6:1.0/input/input8/event7"
[  2342.487] (II) XINPUT: Adding extended input device "Integrated Camera: Integrated C" (type: KEYBOARD, id 9)
[  2342.488] (II) event7  - Integrated Camera: Integrated C: is tagged by udev as: Keyboard
[  2342.488] (II) event7  - Integrated Camera: Integrated C: device is a keyboard
[  2342.488] (II) config/udev: Adding input device HDA Intel PCH Mic (/dev/input/event9)
[  2342.488] (II) No input driver specified, ignoring this device.
[  2342.488] (II) This device may have been added with another device file.
[  2342.489] (II) config/udev: Adding input device HDA Intel PCH Dock Mic (/dev/input/event10)
[  2342.489] (II) No input driver specified, ignoring this device.
[  2342.489] (II) This device may have been added with another device file.
[  2342.489] (II) config/udev: Adding input device HDA Intel PCH Headphone (/dev/input/event11)
[  2342.489] (II) No input driver specified, ignoring this device.
[  2342.489] (II) This device may have been added with another device file.
[  2342.489] (II) config/udev: Adding input device HDA Intel PCH Dock Headphone (/dev/input/event12)
[  2342.489] (II) No input driver specified, ignoring this device.
[  2342.489] (II) This device may have been added with another device file.
[  2342.490] (II) config/udev: Adding input device HDA Intel PCH HDMI/DP,pcm=3 (/dev/input/event13)
[  2342.490] (II) No input driver specified, ignoring this device.
[  2342.490] (II) This device may have been added with another device file.
[  2342.490] (II) config/udev: Adding input device HDA Intel PCH HDMI/DP,pcm=7 (/dev/input/event14)
[  2342.490] (II) No input driver specified, ignoring this device.
[  2342.490] (II) This device may have been added with another device file.
[  2342.490] (II) config/udev: Adding input device HDA Intel PCH HDMI/DP,pcm=8 (/dev/input/event15)
[  2342.490] (II) No input driver specified, ignoring this device.
[  2342.490] (II) This device may have been added with another device file.
[  2342.491] (II) config/udev: Adding input device AT Translated Set 2 keyboard (/dev/input/event3)
[  2342.491] (**) AT Translated Set 2 keyboard: Applying InputClass "libinput keyboard catchall"
[  2342.491] (II) Using input driver 'libinput' for 'AT Translated Set 2 keyboard'
[  2342.492] (II) systemd-logind: got fd for /dev/input/event3 13:67 fd 21 paused 0
[  2342.492] (**) AT Translated Set 2 keyboard: always reports core events
[  2342.492] (**) Option "Device" "/dev/input/event3"
[  2342.492] (**) Option "_source" "server/udev"
[  2342.493] (II) event3  - AT Translated Set 2 keyboard: is tagged by udev as: Keyboard
[  2342.493] (II) event3  - AT Translated Set 2 keyboard: device is a keyboard
[  2342.493] (II) event3  - AT Translated Set 2 keyboard: device removed
[  2342.493] (**) Option "config_info" "udev:/sys/devices/platform/i8042/serio0/input/input3/event3"
[  2342.493] (II) XINPUT: Adding extended input device "AT Translated Set 2 keyboard" (type: KEYBOARD, id 10)
[  2342.494] (II) event3  - AT Translated Set 2 keyboard: is tagged by udev as: Keyboard
[  2342.494] (II) event3  - AT Translated Set 2 keyboard: device is a keyboard
[  2342.495] (II) config/udev: Adding input device SynPS/2 Synaptics TouchPad (/dev/input/event4)
[  2342.495] (**) SynPS/2 Synaptics TouchPad: Applying InputClass "libinput touchpad catchall"
[  2342.495] (**) SynPS/2 Synaptics TouchPad: Applying InputClass "libinput touchpad catchall"
[  2342.495] (II) Using input driver 'libinput' for 'SynPS/2 Synaptics TouchPad'
[  2342.496] (II) systemd-logind: got fd for /dev/input/event4 13:68 fd 22 paused 0
[  2342.496] (**) SynPS/2 Synaptics TouchPad: always reports core events
[  2342.496] (**) Option "Device" "/dev/input/event4"
[  2342.496] (**) Option "_source" "server/udev"
[  2342.497] (II) event4  - SynPS/2 Synaptics TouchPad: is tagged by udev as: Touchpad
[  2342.498] (II) event4  - SynPS/2 Synaptics TouchPad: device is a touchpad
[  2342.499] (II) event4  - SynPS/2 Synaptics TouchPad: device removed
[  2342.499] (**) Option "Tapping" "on"
[  2342.499] (**) Option "config_info" "udev:/sys/devices/platform/i8042/serio1/input/input5/event4"
[  2342.499] (II) XINPUT: Adding extended input device "SynPS/2 Synaptics TouchPad" (type: TOUCHPAD, id 11)
[  2342.500] (**) Option "AccelerationScheme" "none"
[  2342.500] (**) SynPS/2 Synaptics TouchPad: (accel) selected scheme none/0
[  2342.500] (**) SynPS/2 Synaptics TouchPad: (accel) acceleration factor: 2.000
[  2342.500] (**) SynPS/2 Synaptics TouchPad: (accel) acceleration threshold: 4
[  2342.501] (II) event4  - SynPS/2 Synaptics TouchPad: is tagged by udev as: Touchpad
[  2342.502] (II) event4  - SynPS/2 Synaptics TouchPad: device is a touchpad
[  2342.503] (II) config/udev: Adding input device SynPS/2 Synaptics TouchPad (/dev/input/mouse0)
[  2342.503] (II) No input driver specified, ignoring this device.
[  2342.503] (II) This device may have been added with another device file.
[  2342.503] (II) config/udev: Adding input device TPPS/2 IBM TrackPoint (/dev/input/event5)
[  2342.503] (**) TPPS/2 IBM TrackPoint: Applying InputClass "libinput pointer catchall"
[  2342.503] (II) Using input driver 'libinput' for 'TPPS/2 IBM TrackPoint'
[  2342.504] (II) systemd-logind: got fd for /dev/input/event5 13:69 fd 23 paused 0
[  2342.504] (**) TPPS/2 IBM TrackPoint: always reports core events
[  2342.504] (**) Option "Device" "/dev/input/event5"
[  2342.504] (**) Option "_source" "server/udev"
[  2342.505] (II) event5  - TPPS/2 IBM TrackPoint: is tagged by udev as: Mouse Pointingstick
[  2342.505] (II) event5  - TPPS/2 IBM TrackPoint: trackpoint multiplier is 0.25
[  2342.506] (II) event5  - TPPS/2 IBM TrackPoint: device is a pointer
[  2342.506] (II) event5  - TPPS/2 IBM TrackPoint: device removed
[  2342.506] (**) Option "config_info" "udev:/sys/devices/platform/i8042/serio1/serio2/input/input6/event5"
[  2342.506] (II) XINPUT: Adding extended input device "TPPS/2 IBM TrackPoint" (type: MOUSE, id 12)
[  2342.506] (**) Option "AccelerationScheme" "none"
[  2342.506] (**) TPPS/2 IBM TrackPoint: (accel) selected scheme none/0
[  2342.506] (**) TPPS/2 IBM TrackPoint: (accel) acceleration factor: 2.000
[  2342.506] (**) TPPS/2 IBM TrackPoint: (accel) acceleration threshold: 4
[  2342.507] (II) event5  - TPPS/2 IBM TrackPoint: is tagged by udev as: Mouse Pointingstick
[  2342.508] (II) event5  - TPPS/2 IBM TrackPoint: trackpoint multiplier is 0.25
[  2342.508] (II) event5  - TPPS/2 IBM TrackPoint: device is a pointer
[  2342.509] (II) config/udev: Adding input device TPPS/2 IBM TrackPoint (/dev/input/mouse1)
[  2342.509] (II) No input driver specified, ignoring this device.
[  2342.509] (II) This device may have been added with another device file.
[  2342.510] (II) config/udev: Adding input device ThinkPad Extra Buttons (/dev/input/event6)
[  2342.510] (**) ThinkPad Extra Buttons: Applying InputClass "libinput keyboard catchall"
[  2342.510] (II) Using input driver 'libinput' for 'ThinkPad Extra Buttons'
[  2342.511] (II) systemd-logind: got fd for /dev/input/event6 13:70 fd 24 paused 0
[  2342.511] (**) ThinkPad Extra Buttons: always reports core events
[  2342.511] (**) Option "Device" "/dev/input/event6"
[  2342.511] (**) Option "_source" "server/udev"
[  2342.512] (II) event6  - ThinkPad Extra Buttons: is tagged by udev as: Keyboard Switch
[  2342.512] (II) event6  - ThinkPad Extra Buttons: device is a keyboard
[  2342.512] (II) event6  - ThinkPad Extra Buttons: device removed
[  2342.512] (**) Option "config_info" "udev:/sys/devices/platform/thinkpad_acpi/input/input7/event6"
[  2342.512] (II) XINPUT: Adding extended input device "ThinkPad Extra Buttons" (type: KEYBOARD, id 13)
[  2342.513] (II) event6  - ThinkPad Extra Buttons: is tagged by udev as: Keyboard Switch
[  2342.513] (II) event6  - ThinkPad Extra Buttons: device is a keyboard
[  2348.599] (II) modeset(0): EDID vendor "SEC", prod id 12359
[  2348.599] (II) modeset(0): Printing DDC gathered Modelines:
[  2348.599] (II) modeset(0): Modeline "1366x768"x0.0   74.80  1366 1414 1446 1578  768 770 775 790 -hsync -vsync (47.4 kHz eP)
