Jan 10 23:40:26.000 [notice] Tor 0.4.4.6 opening new log file.
Jan 10 23:40:26.407 [notice] Tor 0.4.4.6 running on Linux with Libevent 2.1.11-stable, OpenSSL 1.0.2u, Zlib 1.2.11, Liblzma N/A, and Libzstd N/A.
Jan 10 23:40:26.408 [notice] Tor can't help you if you use it wrong! Learn how to be safe at https://www.torproject.org/download/download#warning
Jan 10 23:40:26.408 [notice] Configuration file "/nonexistent" not present, using reasonable defaults.
Jan 10 23:40:26.413 [notice] Opening Socks listener on 127.0.0.1:0
Jan 10 23:40:26.413 [notice] Socks listener listening on port 40203.
Jan 10 23:40:26.413 [notice] Opened Socks listener on 127.0.0.1:40203
Jan 10 23:40:26.413 [notice] Opening Control listener on 127.0.0.1:0
Jan 10 23:40:26.413 [notice] Control listener listening on port 39851.
Jan 10 23:40:26.413 [notice] Opened Control listener on 127.0.0.1:39851
Jan 10 23:40:26.000 [notice] Bootstrapped 0% (starting): Starting
Jan 10 23:40:26.000 [notice] Starting with guard context "default"
Jan 10 23:40:26.000 [notice] New control connection opened from 127.0.0.1.
Jan 10 23:40:27.000 [notice] Bootstrapped 5% (conn): Connecting to a relay
Jan 10 23:40:28.000 [notice] Bootstrapped 10% (conn_done): Connected to a relay
Jan 10 23:40:28.000 [notice] Bootstrapped 14% (handshake): Handshaking with a relay
Jan 10 23:40:28.000 [notice] Bootstrapped 15% (handshake_done): Handshake with a relay done
Jan 10 23:40:28.000 [notice] Bootstrapped 20% (onehop_create): Establishing an encrypted directory connection
Jan 10 23:40:28.000 [notice] Bootstrapped 25% (requesting_status): Asking for networkstatus consensus
Jan 10 23:40:29.000 [notice] Bootstrapped 30% (loading_status): Loading networkstatus consensus
Jan 10 23:40:30.000 [notice] Bootstrapped 45% (requesting_descriptors): Asking for relay descriptors
Jan 10 23:40:30.000 [notice] I learned some more directory information, but not enough to build a circuit: We need more microdescriptors: we have 1762/7089, and can only build 1% of likely paths. (We have 32% of guards bw, 26% of midpoint bw, and 22% of exit bw = 1% of path bw.)
Jan 10 23:40:32.000 [notice] Bootstrapped 50% (loading_descriptors): Loading relay descriptors
Jan 10 23:40:33.000 [notice] Bootstrapped 56% (loading_descriptors): Loading relay descriptors
Jan 10 23:40:33.000 [notice] Bootstrapped 62% (loading_descriptors): Loading relay descriptors
Jan 10 23:40:34.000 [notice] Bootstrapped 71% (loading_descriptors): Loading relay descriptors
Jan 10 23:40:34.000 [notice] Bootstrapped 75% (enough_dirinfo): Loaded enough directory info to build circuits
Jan 10 23:40:34.000 [notice] Bootstrapped 80% (ap_conn): Connecting to a relay to build circuits
Jan 10 23:40:35.000 [notice] Bootstrapped 85% (ap_conn_done): Connected to a relay to build circuits
Jan 10 23:40:35.000 [notice] Bootstrapped 89% (ap_handshake): Finishing handshake with a relay to build circuits
Jan 10 23:40:35.000 [notice] Bootstrapped 90% (ap_handshake_done): Handshake finished with a relay to build circuits
Jan 10 23:40:35.000 [notice] Bootstrapped 95% (circuit_create): Establishing a Tor circuit
Jan 10 23:40:36.000 [notice] Bootstrapped 100% (done): Done
Jan 10 23:41:12.000 [notice] Catching signal TERM, exiting cleanly.
